2010_06_03_14_24_10.110                          Macro: Exit
2010_06_03_14_24_17.375                          Users: Login
2010_06_03_14_24_28.760                          Users: Login
2010_06_03_14_24_30.735                          Macro: Exit
2010_06_03_14_24_35.031                          Users: Login
2010_06_03_14_24_57.057                          View: Synergy Set up
2010_06_03_14_25_07.859                          Tools: F4 Profile Editor
2010_06_03_14_25_21.592                          Macro: Exit
2010_06_03_14_28_24.815                          Users: Login
2010_06_03_14_28_27.505                          Users: Login
2010_06_03_14_28_39.378                          Users: Login
2010_06_03_14_28_57.400                          Tools: F4 Profile Editor
2010_06_03_14_30_00.393                          Macro: Exit
2010_06_03_14_30_26.738                          Users: Login
2010_06_03_14_30_33.035                          Tools: F4 Profile Editor
2010_06_03_14_46_15.256                          Macro: Exit
2010_06_03_14_53_46.640                          Tools: F4 Profile Editor
2010_06_03_14_54_19.438                          Macro: Exit
2010_06_03_14_55_00.238                          Tools: F4 Profile Editor
2010_06_03_16_40_50.283                          Tools: F4 Profile Editor
2010_06_03_16_41_03.206                          Tools: F4 Profile Editor
2010_06_03_16_42_11.177                          Tools: F4 Profile Editor
2010_06_03_16_42_46.657                          Macro: Exit
2010_06_04_11_05_30.970                          Users: Login
2010_06_04_11_05_35.689                          System: Comm Diags
2010_06_04_11_05_36.846                          View: Synergy Set up
2010_06_04_11_05_41.956                          EventLogs: View
2010_06_04_11_05_42.924                          TP: Graph
2010_06_04_11_05_46.675                          Macro: Exit
2010_06_04_11_19_04.260                          Users: Login
2010_06_04_11_19_08.401                          View: Synergy Set up
2010_06_04_11_19_29.823                          Tools: F4 Profile Editor
2010_06_04_11_19_42.902                          Tools: F4 Profile Editor
2010_06_04_11_19_46.496                          Tools: F4 Profile Editor
2010_06_04_11_23_21.383                          Tools: F4 Profile Control
2010_06_04_11_25_37.132                          Tools: F4 Profile Editor
2010_06_04_11_42_12.365                          Macro: Exit
2010_06_04_14_02_25.751                          Users: Login
2010_06_04_14_02_30.532                          Tools: F4 Profile Editor
2010_06_04_14_02_39.861                          Macro: Exit
2010_07_15_15_16_05.226                          Users: Login
2010_07_15_15_16_24.261                          View: F4 Set up
2010_07_15_15_16_29.715                          TP: Graph
2010_07_15_15_16_38.029                          System: Comm Diags
2010_07_15_15_16_42.811                          System: Comm Diags
2010_07_15_15_16_48.234                          View: F4 Set up
2010_07_15_15_16_49.594                          TP: Graph
2010_07_15_15_16_50.532                          EventLogs: View
2010_07_15_15_16_51.485                          View: Synergy Set up
2010_07_15_15_16_56.283                          System: Comm Diags
2010_07_15_15_17_01.893                          System: Comm Diags
2010_07_15_15_17_03.722                          View: Synergy Set up
2010_07_15_15_17_07.959                          TP: Graph
2010_07_15_15_17_10.087                          System: Comm Diags
2010_07_15_15_17_23.151                          View: F4 Set up
2010_07_15_15_17_32.835                          Macro: Exit
2010_07_15_15_18_00.935                          Users: Login
2010_07_15_15_18_12.997                          Macro: Exit
2010_07_15_15_19_08.953                          Users: Login
2010_07_15_15_19_10.533                          Macro: Exit
2010_07_15_15_19_46.496                          Macro: Exit
2010_07_15_15_20_12.727                          Macro: Exit
2010_07_15_15_20_13.541                          Macro: Exit
2010_07_15_15_21_10.345                          Macro: Exit
2010_07_15_15_22_12.641                          Users: Login
2010_07_15_15_23_57.295                          Users: Login
2010_07_15_15_24_06.591                          Macro: Exit
2010_07_15_15_24_14.212                          Macro: Exit
2010_07_15_15_24_15.589                          Macro: Exit
2010_07_15_15_24_21.880                          Macro: Exit
2010_07_15_15_24_22.459                          Macro: Exit
2010_07_15_15_24_22.741                          Macro: Exit
2010_07_15_15_24_22.960                          Macro: Exit
2010_07_15_15_27_15.412                          Users: Login
2010_07_15_15_27_18.836                          Users: Login
2010_07_15_15_27_21.665                          Macro: Exit
2010_07_19_09_30_58.650                          Users: Login
2010_07_19_09_31_02.214                          System: Comm Diags
2010_07_19_09_31_07.436                          View: Synergy Set up
2010_07_19_10_39_39.691                          Macro: Exit
2010_07_19_10_39_50.338                          Tools: F4 Profile Editor
2010_07_19_10_40_21.824                          Macro: Exit
2010_07_19_14_38_24.984                          Users: Login
2010_07_19_14_38_36.062                          View: F4 Set up
2010_07_19_14_38_49.093                          Macro: Exit
2010_07_19_14_39_03.062                          Users: Login
2010_07_19_14_39_06.781                          View: F4 Set up
2010_07_19_14_39_14.187                          View: F4 Set up
2010_07_19_14_39_15.218                          View: F4 Set up
2010_07_19_14_39_16.656                          View: F4 Set up
2010_07_19_14_39_18.000                          View: F4 Set up
2010_07_19_14_39_19.218                          View: F4 Set up
2010_07_19_14_39_20.375                          View: F4 Set up
2010_07_19_14_39_23.062                          TP: Graph
2010_07_19_14_40_52.265                          Macro: Exit
2010_07_19_14_41_15.468                          Users: Login
2010_07_19_14_41_20.968                          View: F4 Set up
2010_07_19_14_41_30.890                          Macro: Exit
2010_07_19_14_42_00.234                          Users: Login
2010_07_19_14_42_03.984                          Users: Login
2010_07_19_14_42_07.953                          View: F4 Set up
2010_07_19_14_42_09.750                          View: F4 Set up
2010_07_19_14_42_10.515                          View: F4 Set up
2010_07_19_14_42_11.187                          View: F4 Set up
2010_07_19_14_42_11.718                          View: F4 Set up
2010_07_19_14_42_12.406                          View: F4 Set up
2010_07_19_14_42_13.078                          View: F4 Set up
2010_07_19_14_42_13.781                          View: F4 Set up
2010_07_19_14_42_15.468                          View: F4 Set up
2010_07_19_14_42_16.890                          View: F4 Set up
2010_07_19_14_42_18.703                          View: F4 Set up
2010_07_19_14_42_23.562                          View: F4 Set up
2010_07_19_14_42_24.781                          View: F4 Set up
2010_07_19_14_42_25.531                          View: F4 Set up
2010_07_19_14_42_26.765                          View: F4 Set up
2010_07_19_14_42_27.453                          View: F4 Set up
2010_07_19_14_42_28.421                          View: F4 Set up
2010_07_19_14_42_28.984                          View: F4 Set up
2010_07_19_14_42_29.375                          View: F4 Set up
2010_07_19_14_42_31.828                          View: F4 Set up
2010_07_19_14_42_34.687                          View: F4 Set up
2010_07_19_14_42_37.703                          View: F4 Set up
2010_07_19_14_44_28.843                          Users: Login
2010_07_19_14_44_31.171                          View: F4 Set up
2010_07_19_14_44_47.937                          Macro: Exit
2010_07_19_14_45_13.000                          Users: Login
2010_07_19_14_45_16.531                          Tools: F4 Profile Control
2010_07_19_14_53_31.937                          Macro: Exit
2010_07_22_14_21_32.663                          Users: Login
2010_07_22_14_21_35.491                          View: Synergy Set up
2010_07_22_14_21_58.806                          Tools: F4 Profile Editor
2010_07_22_14_22_15.667                          Tools: F4 Profile Control
2010_07_22_14_22_40.189                          Tools: F4 Profile Editor
2010_07_22_14_22_45.097                          Tools: F4 Profile Control
2010_07_22_14_23_25.722                          View: F4 Set up
2010_07_22_14_24_12.710                          View: Synergy Set up
2010_07_22_14_24_46.990                          Tools: F4 Profile Editor
2010_07_22_15_08_37.788                          Macro: Exit
2010_08_06_16_38_04.640                          Users: Login
2010_08_06_16_39_47.961                          View: F4 Set up
2010_08_06_16_41_28.288                          View: F4 Set up
2010_08_06_16_41_36.417                          View: F4 Set up
2010_08_06_16_43_02.894                          Tools: F4 Profile Editor
2010_08_06_16_44_55.208                          View: Synergy Set up
2010_08_06_16_46_30.137                          TP: Graph
2010_08_06_16_46_31.137                          EventLogs: View
2010_08_06_16_46_32.513                          System: Comm Diags
2010_08_06_16_46_34.545                          EventLogs: View
2010_08_06_16_46_39.985                          System: Comm Diags
2010_08_06_16_46_46.890                          Help: About
2010_08_06_16_46_52.217                          Tools: F4 Profile Control
2010_08_06_16_48_23.456                          TP: Graph
2010_08_06_16_48_24.556                          View: F4 Set up
2010_08_06_16_48_31.097                          System: Comm Diags
2010_08_06_16_48_37.537                          File: Exit
2010_08_06_17_09_38.097                          Users: Login
2010_08_06_17_09_40.033                          View: F4 Set up
2010_08_06_17_12_10.657                          View: Synergy Set up
2010_08_06_17_14_23.616                          Macro: Exit
2010_08_06_17_23_23.320                          Users: Login
2010_08_06_17_23_25.912                          Users: Login
2010_08_06_17_23_28.704                          View: Synergy Set up
2010_08_06_17_26_42.647                          Macro: Exit
2010_08_31_13_45_15.453                          Macro: Exit
2010_09_03_16_08_30.655                          Macro: Exit
2011_01_25_12_38_54.656                          Users: Login
2011_01_25_12_38_57.977                          System: Comm Diags
2011_01_25_12_38_59.946                          View: Synergy Set up
2011_01_25_12_39_07.249                          EventLogs: View
2011_01_25_12_39_08.193                          TP: Graph
2011_01_25_12_39_09.930                          View: F4 Set up
2011_01_25_12_39_13.858                          View: F4 Set up
2011_01_25_12_39_15.658                          Macro: Exit
2011_01_25_12_39_30.436                          Tools: F4 Profile Control
2011_01_25_12_42_36.914                          Macro: Exit
2011_01_25_13_01_51.380                          View: F4 Set up
2011_01_25_13_02_01.245                          View: F4 Set up
2011_01_25_13_02_03.108                          View: F4 Set up
2011_01_25_13_02_04.364                          TP: Graph
2011_01_25_13_02_08.692                          EventLogs: View
2011_01_25_13_02_09.805                          View: Synergy Set up
2011_01_25_13_03_02.143                          System: Comm Diags
2011_01_25_13_03_08.097                          Users: Login
2011_01_25_13_03_13.735                          Users: Login
2011_01_25_13_03_18.072                          View: F4 Set up
2011_01_25_13_03_20.416                          View: F4 Set up
2011_01_25_13_03_22.944                          View: F4 Set up
2011_01_25_13_03_24.464                          View: F4 Set up
2011_01_25_13_03_28.816                          View: F4 Set up
2011_01_25_13_04_13.370                          View: F4 Set up
2011_01_25_13_04_16.866                          View: F4 Set up
2011_01_25_13_04_19.146                          View: F4 Set up
2011_01_25_13_04_25.259                          Tools: F4 Profile Control
2011_01_25_13_05_14.741                          View: F4 Set up
2011_01_25_13_05_23.006                          View: Alarms
2011_01_25_13_05_26.686                          Tools: F4 Profile Editor
2011_01_25_13_06_46.241                          Tools: F4 Profile Editor
2011_01_25_13_09_50.481                          Users: Login
2011_01_25_13_09_51.169                          Users: Login
2011_01_25_13_10_11.501                          File: Exit
2011_01_25_13_10_26.714                          Users: Login
2011_01_25_13_10_29.898                          Users: Login
2011_01_25_13_10_53.739                          View: F4 Set up
2011_01_25_13_13_29.707                          File: Exit
2011_01_25_13_18_02.310                          Users: Login
2011_01_25_13_18_12.086                          View: F4 Set up
2011_01_25_13_19_12.122                          Tools: F4 Profile Control
2011_01_25_13_19_29.010                          Tools: F4 Profile Editor
2011_01_25_13_22_32.354                          Tools: F4 Profile Control
2011_01_25_13_25_06.297                          Tools: F4 Profile Control
2011_01_25_13_34_24.891                          Macro: Exit
2011_02_10_16_41_26.432                          Users: Login
2011_02_10_16_41_44.671                          Tools: F4 Profile Editor
2011_02_10_16_42_05.110                          Tools: F4 Profile Editor
2011_02_10_16_43_07.474                          Tools: F4 Profile Control
2011_02_10_16_43_58.719                          Tools: F4 Profile Editor
2011_02_10_16_44_24.333                          View: F4 Set up
2011_02_10_16_45_12.267                          Tools: F4 Profile Editor
2011_02_10_16_46_23.815                          Tools: F4 Profile Control
2011_02_10_16_46_47.149                          Macro: Exit
2011_02_10_16_51_09.014                          Users: Login
2011_02_10_16_51_13.871                          Tools: F4 Profile Editor
2011_02_10_16_51_22.694                          File: Exit
2011_02_10_16_55_04.281                          Users: Login
2011_02_10_16_55_09.440                          Users: Login
2011_02_10_16_55_12.537                          Tools: F4 Profile Editor
2011_02_10_16_55_15.465                          File: Exit
2011_02_10_18_43_30.339                          Users: Login
2011_02_10_18_43_33.693                          Tools: F4 Profile Editor
2011_02_10_18_43_49.299                          Macro: Exit
2011_02_10_18_46_28.451                          Users: Login
2011_02_10_18_46_34.099                          Users: Login
2011_02_10_18_46_40.117                          Tools: F4 Profile Editor
2011_02_10_18_48_53.253                          File: Exit
2011_02_11_11_30_48.720                          Users: Login
2011_02_11_11_30_55.746                          Tools: F4 Profile Editor
2011_02_11_11_31_50.952                          Macro: Exit
2011_02_11_11_40_47.344                          Macro: Exit
2011_04_21_12_48_14.808                          Users: Login
2011_04_21_12_48_18.253                          TP: Graph
2011_04_21_12_48_19.314                          EventLogs: View
2011_04_21_12_48_20.947                          View: F4 Set up
2011_04_21_12_48_35.728                          Tools: F4 Profile Editor
2011_04_26_16_06_24.391                          Macro: Exit
2011_04_26_16_06_53.569                          Users: Login
2011_04_26_16_06_55.911                          View: F4 Set up
2011_04_26_16_07_04.862                          Macro: Exit
2011_05_06_10_13_49.644                          Users: Login
2011_05_06_10_14_04.406                          File: Exit
2011_05_06_10_14_09.580                          Users: Login
2011_05_06_10_14_14.484                          Users: Login
2011_05_06_10_15_34.844                          Users: Login
2011_05_06_10_19_24.437                          Users: Login
2011_05_06_10_19_34.098                          View: F4 Set up
2011_05_06_10_20_48.598                          View: F4 Set up
2011_05_06_10_20_53.420                          View: F4 Set up
2011_05_06_10_20_55.396                          View: F4 Set up
2011_05_06_10_21_37.630                          Macro: Exit
2011_05_06_10_24_26.100                          Users: Login
2011_05_06_10_24_30.980                          View: F4 Set up
2011_05_06_10_25_09.723                          Macro: Exit
2011_05_06_10_25_23.627                          Users: Login
2011_05_06_10_25_27.475                          Users: Login
2011_05_06_10_25_29.547                          View: F4 Set up
2011_05_06_10_26_59.990                          View: F4 Set up
2011_05_06_10_27_15.035                          View: F4 Set up
2011_05_06_10_28_02.899                          Macro: Exit
2011_05_06_10_55_23.164                          View: F4 Set up
2011_05_06_10_56_56.043                          Macro: Exit
2011_05_06_10_58_13.172                          View: F4 Set up
2011_05_06_10_58_34.221                          Macro: Exit
2011_05_06_11_15_52.219                          Users: Login
2011_05_06_11_15_55.284                          View: F4 Set up
2011_05_06_11_19_34.436                          View: F4 Set up
2011_05_06_11_20_02.284                          View: F4 Set up
2011_05_06_11_20_07.652                          View: F4 Set up
2011_05_06_11_20_26.324                          View: F4 Set up
2011_05_06_11_20_48.907                          Macro: Exit
2011_06_09_18_33_24.708                          Users: Login
2011_06_09_18_33_28.074                          View: F4 Set up
2011_06_09_18_33_34.946                          Tools: F4 Profile Editor
2011_06_21_18_05_39.798                          Users: Login
2011_06_21_18_05_43.679                          View: F4 Set up
2011_06_21_18_08_43.598                          Macro: Exit
2011_06_21_18_23_42.998                          Macro: Exit
2011_06_23_10_21_24.508                          Macro: Exit
2011_06_23_15_06_13.546                          Users: Login
2011_06_23_15_06_15.546                          View: F4 Set up
2011_06_23_15_06_31.265                          Macro: Exit
2011_06_23_15_07_39.346                          Macro: Exit
2011_06_23_15_08_19.810                          Macro: Exit
2011_06_23_15_08_56.913                          Macro: Exit
2011_06_23_15_12_21.466                          View: F4 Set up
2011_06_23_15_13_08.882                          Macro: Exit
2011_06_23_15_15_46.650                          TP: Graph
2011_06_23_15_15_47.882                          View: F4 Set up
2011_06_23_15_15_54.347                          View: F4 Set up
2011_06_23_15_16_00.299                          View: F4 Set up
2011_06_23_15_16_11.570                          Macro: Exit
2011_06_23_15_31_53.393                          Macro: Exit
2011_06_28_16_19_49.850                          Macro: Exit
2011_06_28_20_30_27.985                          Users: Login
2011_06_28_20_30_31.087                          View: F4 Set up
2011_06_28_20_30_36.751                          View: F4 Set up
2011_06_28_20_31_17.018                          View: F4 Set up
2011_06_28_20_31_33.318                          Macro: Exit
